2025-07-31 02:47:57,117 [INFO] demo.Main - main() gestartet
2025-07-31 02:47:57,122 [INFO] data.DialogLoader - loadDialogMap(): dialogs/dialogs.json
2025-07-31 02:47:57,123 [INFO] data.DialogLoader - loadDialogs(): dialogs/dialogs.json
2025-07-31 02:47:57,184 [INFO] domain.dialog.Information - add()
2025-07-31 02:47:57,185 [INFO] domain.dialog.Information - add()
2025-07-31 02:47:57,185 [INFO] domain.dialog.Information - add()
2025-07-31 02:47:57,185 [INFO] domain.dialog.Information - add()
2025-07-31 02:47:57,185 [INFO] domain.dialog.Information - add()
2025-07-31 02:47:57,185 [INFO] domain.dialog.Information - add()
2025-07-31 02:47:57,185 [INFO] domain.dialog.Information - add()
2025-07-31 02:47:57,185 [INFO] domain.dialog.Information - add()
2025-07-31 02:47:57,185 [INFO] domain.dialog.Information - add()
2025-07-31 02:47:57,185 [INFO] domain.dialog.DialogInstance - getNpc()
2025-07-31 02:47:57,186 [INFO] domain.dialog.DialogInstance - getNpc()
2025-07-31 02:47:57,186 [INFO] domain.dialog.DialogInstance - getNpc()
2025-07-31 02:47:57,186 [INFO] domain.dialog.Information - add()
2025-07-31 02:47:57,186 [INFO] domain.dialog.Information - add()
2025-07-31 02:47:57,187 [INFO] core.GameContext - setStateManager()
2025-07-31 02:47:57,187 [INFO] core.GameContext - setStateManager(State Manager)
2025-07-31 02:47:57,189 [INFO] state.GameState - GameState()
2025-07-31 02:47:57,189 [INFO] core.GameContext - getStateManager()
2025-07-31 02:47:57,189 [INFO] core.factory.DefaultScreenFactory - createMenuScreen()
2025-07-31 02:47:57,427 [INFO] UI.MenuScreen - MenuScreen()
2025-07-31 02:47:57,428 [INFO] core.GameContext - getStateManager()
2025-07-31 02:47:57,428 [INFO] state.MenuState - MenuState()
2025-07-31 02:47:57,429 [INFO] state.GameState - GameState()
2025-07-31 02:47:57,429 [INFO] core.GameContext - getStateManager()
2025-07-31 02:47:57,435 [INFO] UI.DialogScreen - DialogScreen()
2025-07-31 02:47:57,435 [INFO] data.DialogRepository - getDialogsByNpc(): Diego
2025-07-31 02:47:57,435 [INFO] domain.dialog.DialogInstance - getDescription()
2025-07-31 02:47:57,435 [INFO] domain.dialog.DialogInstance - getDescription()
2025-07-31 02:47:57,435 [INFO] domain.dialog.DialogInstance - getDescription()
2025-07-31 02:47:57,435 [INFO] domain.dialog.DialogInstance - getDescription()
2025-07-31 02:47:57,436 [INFO] state.DialogState - DialogState() erstellt mit 4 Optionen
2025-07-31 02:47:57,436 [INFO] state.GameState - GameState()
2025-07-31 02:47:57,436 [INFO] core.GameContext - getStateManager()
2025-07-31 02:47:57,439 [INFO] core.GameContext - setStateManager()
2025-07-31 02:47:57,439 [INFO] core.GameContext - setStateManager(State Manager)
2025-07-31 02:47:57,439 [INFO] state.GameState - GameState()
2025-07-31 02:47:57,439 [INFO] core.GameContext - getStateManager()
2025-07-31 02:47:57,439 [INFO] core.factory.DefaultScreenFactory - createMenuScreen()
2025-07-31 02:47:57,440 [INFO] UI.MenuScreen - MenuScreen()
2025-07-31 02:47:57,440 [INFO] core.GameContext - getStateManager()
2025-07-31 02:47:57,440 [INFO] state.MenuState - MenuState()
2025-07-31 02:47:57,440 [INFO] state.MenuState - enter()
2025-07-31 02:47:57,440 [INFO] UI.MenuScreen - createScreen()
2025-07-31 02:47:57,538 [INFO] demo.Main - main() beendet
2025-07-31 02:47:59,752 [INFO] state.MenuState - MenuState.onUiAction(): start_game
2025-07-31 02:47:59,752 [INFO] state.MenuState - exit()
2025-07-31 02:47:59,752 [INFO] UI.Screen - closeScreen()
2025-07-31 02:47:59,762 [INFO] state.DialogState - enter()
2025-07-31 02:47:59,763 [INFO] UI.DialogScreen - createScreen()
2025-07-31 02:47:59,795 [INFO] domain.dialog.DialogInstance - getDescription()
2025-07-31 02:47:59,795 [INFO] state.DialogState - Dialogoption: Wer bist du?
2025-07-31 02:47:59,795 [INFO] UI.DialogScreen - addOption()
2025-07-31 02:47:59,795 [INFO] domain.dialog.DialogInstance - getDescription()
2025-07-31 02:47:59,796 [INFO] domain.dialog.DialogInstance - getDescription()
2025-07-31 02:47:59,797 [INFO] state.DialogState - Dialogoption: Wo bin ich?
2025-07-31 02:47:59,797 [INFO] UI.DialogScreen - addOption()
2025-07-31 02:47:59,797 [INFO] domain.dialog.DialogInstance - getDescription()
2025-07-31 02:47:59,797 [INFO] domain.dialog.DialogInstance - getDescription()
2025-07-31 02:47:59,797 [INFO] state.DialogState - Dialogoption: Was soll ich tun?
2025-07-31 02:47:59,797 [INFO] UI.DialogScreen - addOption()
2025-07-31 02:47:59,797 [INFO] domain.dialog.DialogInstance - getDescription()
2025-07-31 02:47:59,798 [INFO] domain.dialog.DialogInstance - getDescription()
2025-07-31 02:47:59,798 [INFO] state.DialogState - Dialogoption: ENDE
2025-07-31 02:47:59,798 [INFO] UI.DialogScreen - addOption()
2025-07-31 02:47:59,798 [INFO] domain.dialog.DialogInstance - getDescription()
2025-07-31 02:48:01,049 [INFO] domain.dialog.DialogInstance - getDescription()
2025-07-31 02:48:01,049 [INFO] state.DialogState - onUiAction(): Wer bist du?
2025-07-31 02:48:01,049 [INFO] domain.dialog.DialogInstance - getInformation()
2025-07-31 02:48:01,049 [INFO] domain.dialog.Information - getElements()
2025-07-31 02:48:01,049 [INFO] UI.DialogScreen - addDialog()
2025-07-31 02:48:01,096 [INFO] UI.DialogScreen - addDialog()
2025-07-31 02:48:01,101 [INFO] UI.DialogScreen - addDialog()
2025-07-31 02:48:01,585 [INFO] domain.dialog.DialogInstance - getDescription()
2025-07-31 02:48:01,585 [INFO] state.DialogState - onUiAction(): Wo bin ich?
2025-07-31 02:48:01,585 [INFO] domain.dialog.DialogInstance - getInformation()
2025-07-31 02:48:01,585 [INFO] domain.dialog.Information - getElements()
2025-07-31 02:48:01,585 [INFO] UI.DialogScreen - addDialog()
2025-07-31 02:48:01,586 [INFO] UI.DialogScreen - addDialog()
2025-07-31 02:48:01,590 [INFO] UI.DialogScreen - addDialog()
2025-07-31 02:48:01,961 [INFO] domain.dialog.DialogInstance - getDescription()
2025-07-31 02:48:01,962 [INFO] state.DialogState - onUiAction(): Was soll ich tun?
2025-07-31 02:48:01,962 [INFO] domain.dialog.DialogInstance - getInformation()
2025-07-31 02:48:01,962 [INFO] domain.dialog.Information - getElements()
2025-07-31 02:48:01,962 [INFO] UI.DialogScreen - addDialog()
2025-07-31 02:48:01,963 [INFO] UI.DialogScreen - addDialog()
2025-07-31 02:48:01,967 [INFO] UI.DialogScreen - addDialog()
2025-07-31 02:48:02,440 [INFO] domain.dialog.DialogInstance - getDescription()
2025-07-31 02:48:02,440 [INFO] state.DialogState - onUiAction(): ENDE
2025-07-31 02:48:02,440 [INFO] state.DialogState - exit()
2025-07-31 02:48:02,440 [INFO] UI.Screen - closeScreen()
2025-07-31 02:48:02,454 [INFO] state.ExploreState - enter()
2025-07-31 02:48:02,454 [INFO] UI.ExploreScreen - createScreen()
